                                      1 ;--------------------------------------------------------
                                      2 ; File Created by SDCC : free open source ANSI-C Compiler
                                      3 ; Version 3.6.0 #9615 (MINGW64)
                                      4 ;--------------------------------------------------------
                                      5 	.module hw7
                                      6 	.optsdcc -mmcs51 --model-small
                                      7 	
                                      8 ;--------------------------------------------------------
                                      9 ; Public variables in this module
                                     10 ;--------------------------------------------------------
                                     11 	.globl _main
                                     12 	.globl _putchar
                                     13 	.globl _getchar
                                     14 	.globl _printf
                                     15 	.globl _getchar_nw
                                     16 	.globl _Sys_Init
                                     17 	.globl _UART0_Init
                                     18 	.globl _SYSCLK_Init
                                     19 	.globl _SPIF
                                     20 	.globl _WCOL
                                     21 	.globl _MODF
                                     22 	.globl _RXOVRN
                                     23 	.globl _TXBSY
                                     24 	.globl _SLVSEL
                                     25 	.globl _MSTEN
                                     26 	.globl _SPIEN
                                     27 	.globl _AD0EN
                                     28 	.globl _ADCEN
                                     29 	.globl _AD0TM
                                     30 	.globl _ADCTM
                                     31 	.globl _AD0INT
                                     32 	.globl _ADCINT
                                     33 	.globl _AD0BUSY
                                     34 	.globl _ADBUSY
                                     35 	.globl _AD0CM1
                                     36 	.globl _ADSTM1
                                     37 	.globl _AD0CM0
                                     38 	.globl _ADSTM0
                                     39 	.globl _AD0WINT
                                     40 	.globl _ADWINT
                                     41 	.globl _AD0LJST
                                     42 	.globl _ADLJST
                                     43 	.globl _CF
                                     44 	.globl _CR
                                     45 	.globl _CCF4
                                     46 	.globl _CCF3
                                     47 	.globl _CCF2
                                     48 	.globl _CCF1
                                     49 	.globl _CCF0
                                     50 	.globl _CY
                                     51 	.globl _AC
                                     52 	.globl _F0
                                     53 	.globl _RS1
                                     54 	.globl _RS0
                                     55 	.globl _OV
                                     56 	.globl _F1
                                     57 	.globl _P
                                     58 	.globl _TF2
                                     59 	.globl _EXF2
                                     60 	.globl _RCLK
                                     61 	.globl _TCLK
                                     62 	.globl _EXEN2
                                     63 	.globl _TR2
                                     64 	.globl _CT2
                                     65 	.globl _CPRL2
                                     66 	.globl _BUSY
                                     67 	.globl _ENSMB
                                     68 	.globl _STA
                                     69 	.globl _STO
                                     70 	.globl _SI
                                     71 	.globl _AA
                                     72 	.globl _SMBFTE
                                     73 	.globl _SMBTOE
                                     74 	.globl _PT2
                                     75 	.globl _PS
                                     76 	.globl _PS0
                                     77 	.globl _PT1
                                     78 	.globl _PX1
                                     79 	.globl _PT0
                                     80 	.globl _PX0
                                     81 	.globl _P3_7
                                     82 	.globl _P3_6
                                     83 	.globl _P3_5
                                     84 	.globl _P3_4
                                     85 	.globl _P3_3
                                     86 	.globl _P3_2
                                     87 	.globl _P3_1
                                     88 	.globl _P3_0
                                     89 	.globl _EA
                                     90 	.globl _ET2
                                     91 	.globl _ES
                                     92 	.globl _ES0
                                     93 	.globl _ET1
                                     94 	.globl _EX1
                                     95 	.globl _ET0
                                     96 	.globl _EX0
                                     97 	.globl _P2_7
                                     98 	.globl _P2_6
                                     99 	.globl _P2_5
                                    100 	.globl _P2_4
                                    101 	.globl _P2_3
                                    102 	.globl _P2_2
                                    103 	.globl _P2_1
                                    104 	.globl _P2_0
                                    105 	.globl _S0MODE
                                    106 	.globl _SM00
                                    107 	.globl _SM0
                                    108 	.globl _SM10
                                    109 	.globl _SM1
                                    110 	.globl _MCE0
                                    111 	.globl _SM20
                                    112 	.globl _SM2
                                    113 	.globl _REN0
                                    114 	.globl _REN
                                    115 	.globl _TB80
                                    116 	.globl _TB8
                                    117 	.globl _RB80
                                    118 	.globl _RB8
                                    119 	.globl _TI0
                                    120 	.globl _TI
                                    121 	.globl _RI0
                                    122 	.globl _RI
                                    123 	.globl _P1_7
                                    124 	.globl _P1_6
                                    125 	.globl _P1_5
                                    126 	.globl _P1_4
                                    127 	.globl _P1_3
                                    128 	.globl _P1_2
                                    129 	.globl _P1_1
                                    130 	.globl _P1_0
                                    131 	.globl _TF1
                                    132 	.globl _TR1
                                    133 	.globl _TF0
                                    134 	.globl _TR0
                                    135 	.globl _IE1
                                    136 	.globl _IT1
                                    137 	.globl _IE0
                                    138 	.globl _IT0
                                    139 	.globl _P0_7
                                    140 	.globl _P0_6
                                    141 	.globl _P0_5
                                    142 	.globl _P0_4
                                    143 	.globl _P0_3
                                    144 	.globl _P0_2
                                    145 	.globl _P0_1
                                    146 	.globl _P0_0
                                    147 	.globl _PCA0CP4
                                    148 	.globl _PCA0CP3
                                    149 	.globl _PCA0CP2
                                    150 	.globl _PCA0CP1
                                    151 	.globl _PCA0CP0
                                    152 	.globl _PCA0
                                    153 	.globl _DAC1
                                    154 	.globl _DAC0
                                    155 	.globl _ADC0LT
                                    156 	.globl _ADC0GT
                                    157 	.globl _ADC0
                                    158 	.globl _RCAP4
                                    159 	.globl _TMR4
                                    160 	.globl _TMR3RL
                                    161 	.globl _TMR3
                                    162 	.globl _RCAP2
                                    163 	.globl _TMR2
                                    164 	.globl _TMR1
                                    165 	.globl _TMR0
                                    166 	.globl _WDTCN
                                    167 	.globl _PCA0CPH4
                                    168 	.globl _PCA0CPH3
                                    169 	.globl _PCA0CPH2
                                    170 	.globl _PCA0CPH1
                                    171 	.globl _PCA0CPH0
                                    172 	.globl _PCA0H
                                    173 	.globl _SPI0CN
                                    174 	.globl _EIP2
                                    175 	.globl _EIP1
                                    176 	.globl _TH4
                                    177 	.globl _TL4
                                    178 	.globl _SADDR1
                                    179 	.globl _SBUF1
                                    180 	.globl _SCON1
                                    181 	.globl _B
                                    182 	.globl _RSTSRC
                                    183 	.globl _PCA0CPL4
                                    184 	.globl _PCA0CPL3
                                    185 	.globl _PCA0CPL2
                                    186 	.globl _PCA0CPL1
                                    187 	.globl _PCA0CPL0
                                    188 	.globl _PCA0L
                                    189 	.globl _ADC0CN
                                    190 	.globl _EIE2
                                    191 	.globl _EIE1
                                    192 	.globl _RCAP4H
                                    193 	.globl _RCAP4L
                                    194 	.globl _XBR2
                                    195 	.globl _XBR1
                                    196 	.globl _XBR0
                                    197 	.globl _ACC
                                    198 	.globl _PCA0CPM4
                                    199 	.globl _PCA0CPM3
                                    200 	.globl _PCA0CPM2
                                    201 	.globl _PCA0CPM1
                                    202 	.globl _PCA0CPM0
                                    203 	.globl _PCA0MD
                                    204 	.globl _PCA0CN
                                    205 	.globl _DAC1CN
                                    206 	.globl _DAC1H
                                    207 	.globl _DAC1L
                                    208 	.globl _DAC0CN
                                    209 	.globl _DAC0H
                                    210 	.globl _DAC0L
                                    211 	.globl _REF0CN
                                    212 	.globl _PSW
                                    213 	.globl _SMB0CR
                                    214 	.globl _TH2
                                    215 	.globl _TL2
                                    216 	.globl _RCAP2H
                                    217 	.globl _RCAP2L
                                    218 	.globl _T4CON
                                    219 	.globl _T2CON
                                    220 	.globl _ADC0LTH
                                    221 	.globl _ADC0LTL
                                    222 	.globl _ADC0GTH
                                    223 	.globl _ADC0GTL
                                    224 	.globl _SMB0ADR
                                    225 	.globl _SMB0DAT
                                    226 	.globl _SMB0STA
                                    227 	.globl _SMB0CN
                                    228 	.globl _ADC0H
                                    229 	.globl _ADC0L
                                    230 	.globl _P1MDIN
                                    231 	.globl _ADC0CF
                                    232 	.globl _AMX0SL
                                    233 	.globl _AMX0CF
                                    234 	.globl _SADEN0
                                    235 	.globl _IP
                                    236 	.globl _FLACL
                                    237 	.globl _FLSCL
                                    238 	.globl _P74OUT
                                    239 	.globl _OSCICN
                                    240 	.globl _OSCXCN
                                    241 	.globl _P3
                                    242 	.globl __XPAGE
                                    243 	.globl _EMI0CN
                                    244 	.globl _SADEN1
                                    245 	.globl _P3IF
                                    246 	.globl _AMX1SL
                                    247 	.globl _ADC1CF
                                    248 	.globl _ADC1CN
                                    249 	.globl _SADDR0
                                    250 	.globl _IE
                                    251 	.globl _P3MDOUT
                                    252 	.globl _PRT3CF
                                    253 	.globl _P2MDOUT
                                    254 	.globl _PRT2CF
                                    255 	.globl _P1MDOUT
                                    256 	.globl _PRT1CF
                                    257 	.globl _P0MDOUT
                                    258 	.globl _PRT0CF
                                    259 	.globl _EMI0CF
                                    260 	.globl _EMI0TC
                                    261 	.globl _P2
                                    262 	.globl _CPT1CN
                                    263 	.globl _CPT0CN
                                    264 	.globl _SPI0CKR
                                    265 	.globl _ADC1
                                    266 	.globl _SPI0DAT
                                    267 	.globl _SPI0CFG
                                    268 	.globl _SBUF0
                                    269 	.globl _SBUF
                                    270 	.globl _SCON0
                                    271 	.globl _SCON
                                    272 	.globl _P7
                                    273 	.globl _TMR3H
                                    274 	.globl _TMR3L
                                    275 	.globl _TMR3RLH
                                    276 	.globl _TMR3RLL
                                    277 	.globl _TMR3CN
                                    278 	.globl _P1
                                    279 	.globl _PSCTL
                                    280 	.globl _CKCON
                                    281 	.globl _TH1
                                    282 	.globl _TH0
                                    283 	.globl _TL1
                                    284 	.globl _TL0
                                    285 	.globl _TMOD
                                    286 	.globl _TCON
                                    287 	.globl _PCON
                                    288 	.globl _P6
                                    289 	.globl _P5
                                    290 	.globl _P4
                                    291 	.globl _DPH
                                    292 	.globl _DPL
                                    293 	.globl _SP
                                    294 	.globl _P0
                                    295 	.globl _input
                                    296 	.globl _AD_value
                                    297 	.globl _ADC_Init
                                    298 	.globl _read_AD_input
                                    299 	.globl _Port_Init
                                    300 ;--------------------------------------------------------
                                    301 ; special function registers
                                    302 ;--------------------------------------------------------
                                    303 	.area RSEG    (ABS,DATA)
      000000                        304 	.org 0x0000
                           000080   305 G$P0$0$0 == 0x0080
                           000080   306 _P0	=	0x0080
                           000081   307 G$SP$0$0 == 0x0081
                           000081   308 _SP	=	0x0081
                           000082   309 G$DPL$0$0 == 0x0082
                           000082   310 _DPL	=	0x0082
                           000083   311 G$DPH$0$0 == 0x0083
                           000083   312 _DPH	=	0x0083
                           000084   313 G$P4$0$0 == 0x0084
                           000084   314 _P4	=	0x0084
                           000085   315 G$P5$0$0 == 0x0085
                           000085   316 _P5	=	0x0085
                           000086   317 G$P6$0$0 == 0x0086
                           000086   318 _P6	=	0x0086
                           000087   319 G$PCON$0$0 == 0x0087
                           000087   320 _PCON	=	0x0087
                           000088   321 G$TCON$0$0 == 0x0088
                           000088   322 _TCON	=	0x0088
                           000089   323 G$TMOD$0$0 == 0x0089
                           000089   324 _TMOD	=	0x0089
                           00008A   325 G$TL0$0$0 == 0x008a
                           00008A   326 _TL0	=	0x008a
                           00008B   327 G$TL1$0$0 == 0x008b
                           00008B   328 _TL1	=	0x008b
                           00008C   329 G$TH0$0$0 == 0x008c
                           00008C   330 _TH0	=	0x008c
                           00008D   331 G$TH1$0$0 == 0x008d
                           00008D   332 _TH1	=	0x008d
                           00008E   333 G$CKCON$0$0 == 0x008e
                           00008E   334 _CKCON	=	0x008e
                           00008F   335 G$PSCTL$0$0 == 0x008f
                           00008F   336 _PSCTL	=	0x008f
                           000090   337 G$P1$0$0 == 0x0090
                           000090   338 _P1	=	0x0090
                           000091   339 G$TMR3CN$0$0 == 0x0091
                           000091   340 _TMR3CN	=	0x0091
                           000092   341 G$TMR3RLL$0$0 == 0x0092
                           000092   342 _TMR3RLL	=	0x0092
                           000093   343 G$TMR3RLH$0$0 == 0x0093
                           000093   344 _TMR3RLH	=	0x0093
                           000094   345 G$TMR3L$0$0 == 0x0094
                           000094   346 _TMR3L	=	0x0094
                           000095   347 G$TMR3H$0$0 == 0x0095
                           000095   348 _TMR3H	=	0x0095
                           000096   349 G$P7$0$0 == 0x0096
                           000096   350 _P7	=	0x0096
                           000098   351 G$SCON$0$0 == 0x0098
                           000098   352 _SCON	=	0x0098
                           000098   353 G$SCON0$0$0 == 0x0098
                           000098   354 _SCON0	=	0x0098
                           000099   355 G$SBUF$0$0 == 0x0099
                           000099   356 _SBUF	=	0x0099
                           000099   357 G$SBUF0$0$0 == 0x0099
                           000099   358 _SBUF0	=	0x0099
                           00009A   359 G$SPI0CFG$0$0 == 0x009a
                           00009A   360 _SPI0CFG	=	0x009a
                           00009B   361 G$SPI0DAT$0$0 == 0x009b
                           00009B   362 _SPI0DAT	=	0x009b
                           00009C   363 G$ADC1$0$0 == 0x009c
                           00009C   364 _ADC1	=	0x009c
                           00009D   365 G$SPI0CKR$0$0 == 0x009d
                           00009D   366 _SPI0CKR	=	0x009d
                           00009E   367 G$CPT0CN$0$0 == 0x009e
                           00009E   368 _CPT0CN	=	0x009e
                           00009F   369 G$CPT1CN$0$0 == 0x009f
                           00009F   370 _CPT1CN	=	0x009f
                           0000A0   371 G$P2$0$0 == 0x00a0
                           0000A0   372 _P2	=	0x00a0
                           0000A1   373 G$EMI0TC$0$0 == 0x00a1
                           0000A1   374 _EMI0TC	=	0x00a1
                           0000A3   375 G$EMI0CF$0$0 == 0x00a3
                           0000A3   376 _EMI0CF	=	0x00a3
                           0000A4   377 G$PRT0CF$0$0 == 0x00a4
                           0000A4   378 _PRT0CF	=	0x00a4
                           0000A4   379 G$P0MDOUT$0$0 == 0x00a4
                           0000A4   380 _P0MDOUT	=	0x00a4
                           0000A5   381 G$PRT1CF$0$0 == 0x00a5
                           0000A5   382 _PRT1CF	=	0x00a5
                           0000A5   383 G$P1MDOUT$0$0 == 0x00a5
                           0000A5   384 _P1MDOUT	=	0x00a5
                           0000A6   385 G$PRT2CF$0$0 == 0x00a6
                           0000A6   386 _PRT2CF	=	0x00a6
                           0000A6   387 G$P2MDOUT$0$0 == 0x00a6
                           0000A6   388 _P2MDOUT	=	0x00a6
                           0000A7   389 G$PRT3CF$0$0 == 0x00a7
                           0000A7   390 _PRT3CF	=	0x00a7
                           0000A7   391 G$P3MDOUT$0$0 == 0x00a7
                           0000A7   392 _P3MDOUT	=	0x00a7
                           0000A8   393 G$IE$0$0 == 0x00a8
                           0000A8   394 _IE	=	0x00a8
                           0000A9   395 G$SADDR0$0$0 == 0x00a9
                           0000A9   396 _SADDR0	=	0x00a9
                           0000AA   397 G$ADC1CN$0$0 == 0x00aa
                           0000AA   398 _ADC1CN	=	0x00aa
                           0000AB   399 G$ADC1CF$0$0 == 0x00ab
                           0000AB   400 _ADC1CF	=	0x00ab
                           0000AC   401 G$AMX1SL$0$0 == 0x00ac
                           0000AC   402 _AMX1SL	=	0x00ac
                           0000AD   403 G$P3IF$0$0 == 0x00ad
                           0000AD   404 _P3IF	=	0x00ad
                           0000AE   405 G$SADEN1$0$0 == 0x00ae
                           0000AE   406 _SADEN1	=	0x00ae
                           0000AF   407 G$EMI0CN$0$0 == 0x00af
                           0000AF   408 _EMI0CN	=	0x00af
                           0000AF   409 G$_XPAGE$0$0 == 0x00af
                           0000AF   410 __XPAGE	=	0x00af
                           0000B0   411 G$P3$0$0 == 0x00b0
                           0000B0   412 _P3	=	0x00b0
                           0000B1   413 G$OSCXCN$0$0 == 0x00b1
                           0000B1   414 _OSCXCN	=	0x00b1
                           0000B2   415 G$OSCICN$0$0 == 0x00b2
                           0000B2   416 _OSCICN	=	0x00b2
                           0000B5   417 G$P74OUT$0$0 == 0x00b5
                           0000B5   418 _P74OUT	=	0x00b5
                           0000B6   419 G$FLSCL$0$0 == 0x00b6
                           0000B6   420 _FLSCL	=	0x00b6
                           0000B7   421 G$FLACL$0$0 == 0x00b7
                           0000B7   422 _FLACL	=	0x00b7
                           0000B8   423 G$IP$0$0 == 0x00b8
                           0000B8   424 _IP	=	0x00b8
                           0000B9   425 G$SADEN0$0$0 == 0x00b9
                           0000B9   426 _SADEN0	=	0x00b9
                           0000BA   427 G$AMX0CF$0$0 == 0x00ba
                           0000BA   428 _AMX0CF	=	0x00ba
                           0000BB   429 G$AMX0SL$0$0 == 0x00bb
                           0000BB   430 _AMX0SL	=	0x00bb
                           0000BC   431 G$ADC0CF$0$0 == 0x00bc
                           0000BC   432 _ADC0CF	=	0x00bc
                           0000BD   433 G$P1MDIN$0$0 == 0x00bd
                           0000BD   434 _P1MDIN	=	0x00bd
                           0000BE   435 G$ADC0L$0$0 == 0x00be
                           0000BE   436 _ADC0L	=	0x00be
                           0000BF   437 G$ADC0H$0$0 == 0x00bf
                           0000BF   438 _ADC0H	=	0x00bf
                           0000C0   439 G$SMB0CN$0$0 == 0x00c0
                           0000C0   440 _SMB0CN	=	0x00c0
                           0000C1   441 G$SMB0STA$0$0 == 0x00c1
                           0000C1   442 _SMB0STA	=	0x00c1
                           0000C2   443 G$SMB0DAT$0$0 == 0x00c2
                           0000C2   444 _SMB0DAT	=	0x00c2
                           0000C3   445 G$SMB0ADR$0$0 == 0x00c3
                           0000C3   446 _SMB0ADR	=	0x00c3
                           0000C4   447 G$ADC0GTL$0$0 == 0x00c4
                           0000C4   448 _ADC0GTL	=	0x00c4
                           0000C5   449 G$ADC0GTH$0$0 == 0x00c5
                           0000C5   450 _ADC0GTH	=	0x00c5
                           0000C6   451 G$ADC0LTL$0$0 == 0x00c6
                           0000C6   452 _ADC0LTL	=	0x00c6
                           0000C7   453 G$ADC0LTH$0$0 == 0x00c7
                           0000C7   454 _ADC0LTH	=	0x00c7
                           0000C8   455 G$T2CON$0$0 == 0x00c8
                           0000C8   456 _T2CON	=	0x00c8
                           0000C9   457 G$T4CON$0$0 == 0x00c9
                           0000C9   458 _T4CON	=	0x00c9
                           0000CA   459 G$RCAP2L$0$0 == 0x00ca
                           0000CA   460 _RCAP2L	=	0x00ca
                           0000CB   461 G$RCAP2H$0$0 == 0x00cb
                           0000CB   462 _RCAP2H	=	0x00cb
                           0000CC   463 G$TL2$0$0 == 0x00cc
                           0000CC   464 _TL2	=	0x00cc
                           0000CD   465 G$TH2$0$0 == 0x00cd
                           0000CD   466 _TH2	=	0x00cd
                           0000CF   467 G$SMB0CR$0$0 == 0x00cf
                           0000CF   468 _SMB0CR	=	0x00cf
                           0000D0   469 G$PSW$0$0 == 0x00d0
                           0000D0   470 _PSW	=	0x00d0
                           0000D1   471 G$REF0CN$0$0 == 0x00d1
                           0000D1   472 _REF0CN	=	0x00d1
                           0000D2   473 G$DAC0L$0$0 == 0x00d2
                           0000D2   474 _DAC0L	=	0x00d2
                           0000D3   475 G$DAC0H$0$0 == 0x00d3
                           0000D3   476 _DAC0H	=	0x00d3
                           0000D4   477 G$DAC0CN$0$0 == 0x00d4
                           0000D4   478 _DAC0CN	=	0x00d4
                           0000D5   479 G$DAC1L$0$0 == 0x00d5
                           0000D5   480 _DAC1L	=	0x00d5
                           0000D6   481 G$DAC1H$0$0 == 0x00d6
                           0000D6   482 _DAC1H	=	0x00d6
                           0000D7   483 G$DAC1CN$0$0 == 0x00d7
                           0000D7   484 _DAC1CN	=	0x00d7
                           0000D8   485 G$PCA0CN$0$0 == 0x00d8
                           0000D8   486 _PCA0CN	=	0x00d8
                           0000D9   487 G$PCA0MD$0$0 == 0x00d9
                           0000D9   488 _PCA0MD	=	0x00d9
                           0000DA   489 G$PCA0CPM0$0$0 == 0x00da
                           0000DA   490 _PCA0CPM0	=	0x00da
                           0000DB   491 G$PCA0CPM1$0$0 == 0x00db
                           0000DB   492 _PCA0CPM1	=	0x00db
                           0000DC   493 G$PCA0CPM2$0$0 == 0x00dc
                           0000DC   494 _PCA0CPM2	=	0x00dc
                           0000DD   495 G$PCA0CPM3$0$0 == 0x00dd
                           0000DD   496 _PCA0CPM3	=	0x00dd
                           0000DE   497 G$PCA0CPM4$0$0 == 0x00de
                           0000DE   498 _PCA0CPM4	=	0x00de
                           0000E0   499 G$ACC$0$0 == 0x00e0
                           0000E0   500 _ACC	=	0x00e0
                           0000E1   501 G$XBR0$0$0 == 0x00e1
                           0000E1   502 _XBR0	=	0x00e1
                           0000E2   503 G$XBR1$0$0 == 0x00e2
                           0000E2   504 _XBR1	=	0x00e2
                           0000E3   505 G$XBR2$0$0 == 0x00e3
                           0000E3   506 _XBR2	=	0x00e3
                           0000E4   507 G$RCAP4L$0$0 == 0x00e4
                           0000E4   508 _RCAP4L	=	0x00e4
                           0000E5   509 G$RCAP4H$0$0 == 0x00e5
                           0000E5   510 _RCAP4H	=	0x00e5
                           0000E6   511 G$EIE1$0$0 == 0x00e6
                           0000E6   512 _EIE1	=	0x00e6
                           0000E7   513 G$EIE2$0$0 == 0x00e7
                           0000E7   514 _EIE2	=	0x00e7
                           0000E8   515 G$ADC0CN$0$0 == 0x00e8
                           0000E8   516 _ADC0CN	=	0x00e8
                           0000E9   517 G$PCA0L$0$0 == 0x00e9
                           0000E9   518 _PCA0L	=	0x00e9
                           0000EA   519 G$PCA0CPL0$0$0 == 0x00ea
                           0000EA   520 _PCA0CPL0	=	0x00ea
                           0000EB   521 G$PCA0CPL1$0$0 == 0x00eb
                           0000EB   522 _PCA0CPL1	=	0x00eb
                           0000EC   523 G$PCA0CPL2$0$0 == 0x00ec
                           0000EC   524 _PCA0CPL2	=	0x00ec
                           0000ED   525 G$PCA0CPL3$0$0 == 0x00ed
                           0000ED   526 _PCA0CPL3	=	0x00ed
                           0000EE   527 G$PCA0CPL4$0$0 == 0x00ee
                           0000EE   528 _PCA0CPL4	=	0x00ee
                           0000EF   529 G$RSTSRC$0$0 == 0x00ef
                           0000EF   530 _RSTSRC	=	0x00ef
                           0000F0   531 G$B$0$0 == 0x00f0
                           0000F0   532 _B	=	0x00f0
                           0000F1   533 G$SCON1$0$0 == 0x00f1
                           0000F1   534 _SCON1	=	0x00f1
                           0000F2   535 G$SBUF1$0$0 == 0x00f2
                           0000F2   536 _SBUF1	=	0x00f2
                           0000F3   537 G$SADDR1$0$0 == 0x00f3
                           0000F3   538 _SADDR1	=	0x00f3
                           0000F4   539 G$TL4$0$0 == 0x00f4
                           0000F4   540 _TL4	=	0x00f4
                           0000F5   541 G$TH4$0$0 == 0x00f5
                           0000F5   542 _TH4	=	0x00f5
                           0000F6   543 G$EIP1$0$0 == 0x00f6
                           0000F6   544 _EIP1	=	0x00f6
                           0000F7   545 G$EIP2$0$0 == 0x00f7
                           0000F7   546 _EIP2	=	0x00f7
                           0000F8   547 G$SPI0CN$0$0 == 0x00f8
                           0000F8   548 _SPI0CN	=	0x00f8
                           0000F9   549 G$PCA0H$0$0 == 0x00f9
                           0000F9   550 _PCA0H	=	0x00f9
                           0000FA   551 G$PCA0CPH0$0$0 == 0x00fa
                           0000FA   552 _PCA0CPH0	=	0x00fa
                           0000FB   553 G$PCA0CPH1$0$0 == 0x00fb
                           0000FB   554 _PCA0CPH1	=	0x00fb
                           0000FC   555 G$PCA0CPH2$0$0 == 0x00fc
                           0000FC   556 _PCA0CPH2	=	0x00fc
                           0000FD   557 G$PCA0CPH3$0$0 == 0x00fd
                           0000FD   558 _PCA0CPH3	=	0x00fd
                           0000FE   559 G$PCA0CPH4$0$0 == 0x00fe
                           0000FE   560 _PCA0CPH4	=	0x00fe
                           0000FF   561 G$WDTCN$0$0 == 0x00ff
                           0000FF   562 _WDTCN	=	0x00ff
                           008C8A   563 G$TMR0$0$0 == 0x8c8a
                           008C8A   564 _TMR0	=	0x8c8a
                           008D8B   565 G$TMR1$0$0 == 0x8d8b
                           008D8B   566 _TMR1	=	0x8d8b
                           00CDCC   567 G$TMR2$0$0 == 0xcdcc
                           00CDCC   568 _TMR2	=	0xcdcc
                           00CBCA   569 G$RCAP2$0$0 == 0xcbca
                           00CBCA   570 _RCAP2	=	0xcbca
                           009594   571 G$TMR3$0$0 == 0x9594
                           009594   572 _TMR3	=	0x9594
                           009392   573 G$TMR3RL$0$0 == 0x9392
                           009392   574 _TMR3RL	=	0x9392
                           00F5F4   575 G$TMR4$0$0 == 0xf5f4
                           00F5F4   576 _TMR4	=	0xf5f4
                           00E5E4   577 G$RCAP4$0$0 == 0xe5e4
                           00E5E4   578 _RCAP4	=	0xe5e4
                           00BFBE   579 G$ADC0$0$0 == 0xbfbe
                           00BFBE   580 _ADC0	=	0xbfbe
                           00C5C4   581 G$ADC0GT$0$0 == 0xc5c4
                           00C5C4   582 _ADC0GT	=	0xc5c4
                           00C7C6   583 G$ADC0LT$0$0 == 0xc7c6
                           00C7C6   584 _ADC0LT	=	0xc7c6
                           00D3D2   585 G$DAC0$0$0 == 0xd3d2
                           00D3D2   586 _DAC0	=	0xd3d2
                           00D6D5   587 G$DAC1$0$0 == 0xd6d5
                           00D6D5   588 _DAC1	=	0xd6d5
                           00F9E9   589 G$PCA0$0$0 == 0xf9e9
                           00F9E9   590 _PCA0	=	0xf9e9
                           00FAEA   591 G$PCA0CP0$0$0 == 0xfaea
                           00FAEA   592 _PCA0CP0	=	0xfaea
                           00FBEB   593 G$PCA0CP1$0$0 == 0xfbeb
                           00FBEB   594 _PCA0CP1	=	0xfbeb
                           00FCEC   595 G$PCA0CP2$0$0 == 0xfcec
                           00FCEC   596 _PCA0CP2	=	0xfcec
                           00FDED   597 G$PCA0CP3$0$0 == 0xfded
                           00FDED   598 _PCA0CP3	=	0xfded
                           00FEEE   599 G$PCA0CP4$0$0 == 0xfeee
                           00FEEE   600 _PCA0CP4	=	0xfeee
                                    601 ;--------------------------------------------------------
                                    602 ; special function bits
                                    603 ;--------------------------------------------------------
                                    604 	.area RSEG    (ABS,DATA)
      000000                        605 	.org 0x0000
                           000080   606 G$P0_0$0$0 == 0x0080
                           000080   607 _P0_0	=	0x0080
                           000081   608 G$P0_1$0$0 == 0x0081
                           000081   609 _P0_1	=	0x0081
                           000082   610 G$P0_2$0$0 == 0x0082
                           000082   611 _P0_2	=	0x0082
                           000083   612 G$P0_3$0$0 == 0x0083
                           000083   613 _P0_3	=	0x0083
                           000084   614 G$P0_4$0$0 == 0x0084
                           000084   615 _P0_4	=	0x0084
                           000085   616 G$P0_5$0$0 == 0x0085
                           000085   617 _P0_5	=	0x0085
                           000086   618 G$P0_6$0$0 == 0x0086
                           000086   619 _P0_6	=	0x0086
                           000087   620 G$P0_7$0$0 == 0x0087
                           000087   621 _P0_7	=	0x0087
                           000088   622 G$IT0$0$0 == 0x0088
                           000088   623 _IT0	=	0x0088
                           000089   624 G$IE0$0$0 == 0x0089
                           000089   625 _IE0	=	0x0089
                           00008A   626 G$IT1$0$0 == 0x008a
                           00008A   627 _IT1	=	0x008a
                           00008B   628 G$IE1$0$0 == 0x008b
                           00008B   629 _IE1	=	0x008b
                           00008C   630 G$TR0$0$0 == 0x008c
                           00008C   631 _TR0	=	0x008c
                           00008D   632 G$TF0$0$0 == 0x008d
                           00008D   633 _TF0	=	0x008d
                           00008E   634 G$TR1$0$0 == 0x008e
                           00008E   635 _TR1	=	0x008e
                           00008F   636 G$TF1$0$0 == 0x008f
                           00008F   637 _TF1	=	0x008f
                           000090   638 G$P1_0$0$0 == 0x0090
                           000090   639 _P1_0	=	0x0090
                           000091   640 G$P1_1$0$0 == 0x0091
                           000091   641 _P1_1	=	0x0091
                           000092   642 G$P1_2$0$0 == 0x0092
                           000092   643 _P1_2	=	0x0092
                           000093   644 G$P1_3$0$0 == 0x0093
                           000093   645 _P1_3	=	0x0093
                           000094   646 G$P1_4$0$0 == 0x0094
                           000094   647 _P1_4	=	0x0094
                           000095   648 G$P1_5$0$0 == 0x0095
                           000095   649 _P1_5	=	0x0095
                           000096   650 G$P1_6$0$0 == 0x0096
                           000096   651 _P1_6	=	0x0096
                           000097   652 G$P1_7$0$0 == 0x0097
                           000097   653 _P1_7	=	0x0097
                           000098   654 G$RI$0$0 == 0x0098
                           000098   655 _RI	=	0x0098
                           000098   656 G$RI0$0$0 == 0x0098
                           000098   657 _RI0	=	0x0098
                           000099   658 G$TI$0$0 == 0x0099
                           000099   659 _TI	=	0x0099
                           000099   660 G$TI0$0$0 == 0x0099
                           000099   661 _TI0	=	0x0099
                           00009A   662 G$RB8$0$0 == 0x009a
                           00009A   663 _RB8	=	0x009a
                           00009A   664 G$RB80$0$0 == 0x009a
                           00009A   665 _RB80	=	0x009a
                           00009B   666 G$TB8$0$0 == 0x009b
                           00009B   667 _TB8	=	0x009b
                           00009B   668 G$TB80$0$0 == 0x009b
                           00009B   669 _TB80	=	0x009b
                           00009C   670 G$REN$0$0 == 0x009c
                           00009C   671 _REN	=	0x009c
                           00009C   672 G$REN0$0$0 == 0x009c
                           00009C   673 _REN0	=	0x009c
                           00009D   674 G$SM2$0$0 == 0x009d
                           00009D   675 _SM2	=	0x009d
                           00009D   676 G$SM20$0$0 == 0x009d
                           00009D   677 _SM20	=	0x009d
                           00009D   678 G$MCE0$0$0 == 0x009d
                           00009D   679 _MCE0	=	0x009d
                           00009E   680 G$SM1$0$0 == 0x009e
                           00009E   681 _SM1	=	0x009e
                           00009E   682 G$SM10$0$0 == 0x009e
                           00009E   683 _SM10	=	0x009e
                           00009F   684 G$SM0$0$0 == 0x009f
                           00009F   685 _SM0	=	0x009f
                           00009F   686 G$SM00$0$0 == 0x009f
                           00009F   687 _SM00	=	0x009f
                           00009F   688 G$S0MODE$0$0 == 0x009f
                           00009F   689 _S0MODE	=	0x009f
                           0000A0   690 G$P2_0$0$0 == 0x00a0
                           0000A0   691 _P2_0	=	0x00a0
                           0000A1   692 G$P2_1$0$0 == 0x00a1
                           0000A1   693 _P2_1	=	0x00a1
                           0000A2   694 G$P2_2$0$0 == 0x00a2
                           0000A2   695 _P2_2	=	0x00a2
                           0000A3   696 G$P2_3$0$0 == 0x00a3
                           0000A3   697 _P2_3	=	0x00a3
                           0000A4   698 G$P2_4$0$0 == 0x00a4
                           0000A4   699 _P2_4	=	0x00a4
                           0000A5   700 G$P2_5$0$0 == 0x00a5
                           0000A5   701 _P2_5	=	0x00a5
                           0000A6   702 G$P2_6$0$0 == 0x00a6
                           0000A6   703 _P2_6	=	0x00a6
                           0000A7   704 G$P2_7$0$0 == 0x00a7
                           0000A7   705 _P2_7	=	0x00a7
                           0000A8   706 G$EX0$0$0 == 0x00a8
                           0000A8   707 _EX0	=	0x00a8
                           0000A9   708 G$ET0$0$0 == 0x00a9
                           0000A9   709 _ET0	=	0x00a9
                           0000AA   710 G$EX1$0$0 == 0x00aa
                           0000AA   711 _EX1	=	0x00aa
                           0000AB   712 G$ET1$0$0 == 0x00ab
                           0000AB   713 _ET1	=	0x00ab
                           0000AC   714 G$ES0$0$0 == 0x00ac
                           0000AC   715 _ES0	=	0x00ac
                           0000AC   716 G$ES$0$0 == 0x00ac
                           0000AC   717 _ES	=	0x00ac
                           0000AD   718 G$ET2$0$0 == 0x00ad
                           0000AD   719 _ET2	=	0x00ad
                           0000AF   720 G$EA$0$0 == 0x00af
                           0000AF   721 _EA	=	0x00af
                           0000B0   722 G$P3_0$0$0 == 0x00b0
                           0000B0   723 _P3_0	=	0x00b0
                           0000B1   724 G$P3_1$0$0 == 0x00b1
                           0000B1   725 _P3_1	=	0x00b1
                           0000B2   726 G$P3_2$0$0 == 0x00b2
                           0000B2   727 _P3_2	=	0x00b2
                           0000B3   728 G$P3_3$0$0 == 0x00b3
                           0000B3   729 _P3_3	=	0x00b3
                           0000B4   730 G$P3_4$0$0 == 0x00b4
                           0000B4   731 _P3_4	=	0x00b4
                           0000B5   732 G$P3_5$0$0 == 0x00b5
                           0000B5   733 _P3_5	=	0x00b5
                           0000B6   734 G$P3_6$0$0 == 0x00b6
                           0000B6   735 _P3_6	=	0x00b6
                           0000B7   736 G$P3_7$0$0 == 0x00b7
                           0000B7   737 _P3_7	=	0x00b7
                           0000B8   738 G$PX0$0$0 == 0x00b8
                           0000B8   739 _PX0	=	0x00b8
                           0000B9   740 G$PT0$0$0 == 0x00b9
                           0000B9   741 _PT0	=	0x00b9
                           0000BA   742 G$PX1$0$0 == 0x00ba
                           0000BA   743 _PX1	=	0x00ba
                           0000BB   744 G$PT1$0$0 == 0x00bb
                           0000BB   745 _PT1	=	0x00bb
                           0000BC   746 G$PS0$0$0 == 0x00bc
                           0000BC   747 _PS0	=	0x00bc
                           0000BC   748 G$PS$0$0 == 0x00bc
                           0000BC   749 _PS	=	0x00bc
                           0000BD   750 G$PT2$0$0 == 0x00bd
                           0000BD   751 _PT2	=	0x00bd
                           0000C0   752 G$SMBTOE$0$0 == 0x00c0
                           0000C0   753 _SMBTOE	=	0x00c0
                           0000C1   754 G$SMBFTE$0$0 == 0x00c1
                           0000C1   755 _SMBFTE	=	0x00c1
                           0000C2   756 G$AA$0$0 == 0x00c2
                           0000C2   757 _AA	=	0x00c2
                           0000C3   758 G$SI$0$0 == 0x00c3
                           0000C3   759 _SI	=	0x00c3
                           0000C4   760 G$STO$0$0 == 0x00c4
                           0000C4   761 _STO	=	0x00c4
                           0000C5   762 G$STA$0$0 == 0x00c5
                           0000C5   763 _STA	=	0x00c5
                           0000C6   764 G$ENSMB$0$0 == 0x00c6
                           0000C6   765 _ENSMB	=	0x00c6
                           0000C7   766 G$BUSY$0$0 == 0x00c7
                           0000C7   767 _BUSY	=	0x00c7
                           0000C8   768 G$CPRL2$0$0 == 0x00c8
                           0000C8   769 _CPRL2	=	0x00c8
                           0000C9   770 G$CT2$0$0 == 0x00c9
                           0000C9   771 _CT2	=	0x00c9
                           0000CA   772 G$TR2$0$0 == 0x00ca
                           0000CA   773 _TR2	=	0x00ca
                           0000CB   774 G$EXEN2$0$0 == 0x00cb
                           0000CB   775 _EXEN2	=	0x00cb
                           0000CC   776 G$TCLK$0$0 == 0x00cc
                           0000CC   777 _TCLK	=	0x00cc
                           0000CD   778 G$RCLK$0$0 == 0x00cd
                           0000CD   779 _RCLK	=	0x00cd
                           0000CE   780 G$EXF2$0$0 == 0x00ce
                           0000CE   781 _EXF2	=	0x00ce
                           0000CF   782 G$TF2$0$0 == 0x00cf
                           0000CF   783 _TF2	=	0x00cf
                           0000D0   784 G$P$0$0 == 0x00d0
                           0000D0   785 _P	=	0x00d0
                           0000D1   786 G$F1$0$0 == 0x00d1
                           0000D1   787 _F1	=	0x00d1
                           0000D2   788 G$OV$0$0 == 0x00d2
                           0000D2   789 _OV	=	0x00d2
                           0000D3   790 G$RS0$0$0 == 0x00d3
                           0000D3   791 _RS0	=	0x00d3
                           0000D4   792 G$RS1$0$0 == 0x00d4
                           0000D4   793 _RS1	=	0x00d4
                           0000D5   794 G$F0$0$0 == 0x00d5
                           0000D5   795 _F0	=	0x00d5
                           0000D6   796 G$AC$0$0 == 0x00d6
                           0000D6   797 _AC	=	0x00d6
                           0000D7   798 G$CY$0$0 == 0x00d7
                           0000D7   799 _CY	=	0x00d7
                           0000D8   800 G$CCF0$0$0 == 0x00d8
                           0000D8   801 _CCF0	=	0x00d8
                           0000D9   802 G$CCF1$0$0 == 0x00d9
                           0000D9   803 _CCF1	=	0x00d9
                           0000DA   804 G$CCF2$0$0 == 0x00da
                           0000DA   805 _CCF2	=	0x00da
                           0000DB   806 G$CCF3$0$0 == 0x00db
                           0000DB   807 _CCF3	=	0x00db
                           0000DC   808 G$CCF4$0$0 == 0x00dc
                           0000DC   809 _CCF4	=	0x00dc
                           0000DE   810 G$CR$0$0 == 0x00de
                           0000DE   811 _CR	=	0x00de
                           0000DF   812 G$CF$0$0 == 0x00df
                           0000DF   813 _CF	=	0x00df
                           0000E8   814 G$ADLJST$0$0 == 0x00e8
                           0000E8   815 _ADLJST	=	0x00e8
                           0000E8   816 G$AD0LJST$0$0 == 0x00e8
                           0000E8   817 _AD0LJST	=	0x00e8
                           0000E9   818 G$ADWINT$0$0 == 0x00e9
                           0000E9   819 _ADWINT	=	0x00e9
                           0000E9   820 G$AD0WINT$0$0 == 0x00e9
                           0000E9   821 _AD0WINT	=	0x00e9
                           0000EA   822 G$ADSTM0$0$0 == 0x00ea
                           0000EA   823 _ADSTM0	=	0x00ea
                           0000EA   824 G$AD0CM0$0$0 == 0x00ea
                           0000EA   825 _AD0CM0	=	0x00ea
                           0000EB   826 G$ADSTM1$0$0 == 0x00eb
                           0000EB   827 _ADSTM1	=	0x00eb
                           0000EB   828 G$AD0CM1$0$0 == 0x00eb
                           0000EB   829 _AD0CM1	=	0x00eb
                           0000EC   830 G$ADBUSY$0$0 == 0x00ec
                           0000EC   831 _ADBUSY	=	0x00ec
                           0000EC   832 G$AD0BUSY$0$0 == 0x00ec
                           0000EC   833 _AD0BUSY	=	0x00ec
                           0000ED   834 G$ADCINT$0$0 == 0x00ed
                           0000ED   835 _ADCINT	=	0x00ed
                           0000ED   836 G$AD0INT$0$0 == 0x00ed
                           0000ED   837 _AD0INT	=	0x00ed
                           0000EE   838 G$ADCTM$0$0 == 0x00ee
                           0000EE   839 _ADCTM	=	0x00ee
                           0000EE   840 G$AD0TM$0$0 == 0x00ee
                           0000EE   841 _AD0TM	=	0x00ee
                           0000EF   842 G$ADCEN$0$0 == 0x00ef
                           0000EF   843 _ADCEN	=	0x00ef
                           0000EF   844 G$AD0EN$0$0 == 0x00ef
                           0000EF   845 _AD0EN	=	0x00ef
                           0000F8   846 G$SPIEN$0$0 == 0x00f8
                           0000F8   847 _SPIEN	=	0x00f8
                           0000F9   848 G$MSTEN$0$0 == 0x00f9
                           0000F9   849 _MSTEN	=	0x00f9
                           0000FA   850 G$SLVSEL$0$0 == 0x00fa
                           0000FA   851 _SLVSEL	=	0x00fa
                           0000FB   852 G$TXBSY$0$0 == 0x00fb
                           0000FB   853 _TXBSY	=	0x00fb
                           0000FC   854 G$RXOVRN$0$0 == 0x00fc
                           0000FC   855 _RXOVRN	=	0x00fc
                           0000FD   856 G$MODF$0$0 == 0x00fd
                           0000FD   857 _MODF	=	0x00fd
                           0000FE   858 G$WCOL$0$0 == 0x00fe
                           0000FE   859 _WCOL	=	0x00fe
                           0000FF   860 G$SPIF$0$0 == 0x00ff
                           0000FF   861 _SPIF	=	0x00ff
                                    862 ;--------------------------------------------------------
                                    863 ; overlayable register banks
                                    864 ;--------------------------------------------------------
                                    865 	.area REG_BANK_0	(REL,OVR,DATA)
      000000                        866 	.ds 8
                                    867 ;--------------------------------------------------------
                                    868 ; internal ram data
                                    869 ;--------------------------------------------------------
                                    870 	.area DSEG    (DATA)
                           000000   871 G$AD_value$0$0==.
      000000                        872 _AD_value::
      000000                        873 	.ds 1
                           000001   874 G$input$0$0==.
      000001                        875 _input::
      000001                        876 	.ds 1
                                    877 ;--------------------------------------------------------
                                    878 ; overlayable items in internal ram 
                                    879 ;--------------------------------------------------------
                                    880 	.area	OSEG    (OVR,DATA)
                                    881 	.area	OSEG    (OVR,DATA)
                                    882 	.area	OSEG    (OVR,DATA)
                                    883 ;--------------------------------------------------------
                                    884 ; Stack segment in internal ram 
                                    885 ;--------------------------------------------------------
                                    886 	.area	SSEG
      000000                        887 __start__stack:
      000000                        888 	.ds	1
                                    889 
                                    890 ;--------------------------------------------------------
                                    891 ; indirectly addressable internal ram data
                                    892 ;--------------------------------------------------------
                                    893 	.area ISEG    (DATA)
                                    894 ;--------------------------------------------------------
                                    895 ; absolute internal ram data
                                    896 ;--------------------------------------------------------
                                    897 	.area IABS    (ABS,DATA)
                                    898 	.area IABS    (ABS,DATA)
                                    899 ;--------------------------------------------------------
                                    900 ; bit data
                                    901 ;--------------------------------------------------------
                                    902 	.area BSEG    (BIT)
                                    903 ;--------------------------------------------------------
                                    904 ; paged external ram data
                                    905 ;--------------------------------------------------------
                                    906 	.area PSEG    (PAG,XDATA)
                                    907 ;--------------------------------------------------------
                                    908 ; external ram data
                                    909 ;--------------------------------------------------------
                                    910 	.area XSEG    (XDATA)
                                    911 ;--------------------------------------------------------
                                    912 ; absolute external ram data
                                    913 ;--------------------------------------------------------
                                    914 	.area XABS    (ABS,XDATA)
                                    915 ;--------------------------------------------------------
                                    916 ; external initialized ram data
                                    917 ;--------------------------------------------------------
                                    918 	.area XISEG   (XDATA)
                                    919 	.area HOME    (CODE)
                                    920 	.area GSINIT0 (CODE)
                                    921 	.area GSINIT1 (CODE)
                                    922 	.area GSINIT2 (CODE)
                                    923 	.area GSINIT3 (CODE)
                                    924 	.area GSINIT4 (CODE)
                                    925 	.area GSINIT5 (CODE)
                                    926 	.area GSINIT  (CODE)
                                    927 	.area GSFINAL (CODE)
                                    928 	.area CSEG    (CODE)
                                    929 ;--------------------------------------------------------
                                    930 ; interrupt vector 
                                    931 ;--------------------------------------------------------
                                    932 	.area HOME    (CODE)
      000000                        933 __interrupt_vect:
      000000 02r00r00         [24]  934 	ljmp	__sdcc_gsinit_startup
                                    935 ;--------------------------------------------------------
                                    936 ; global & static initialisations
                                    937 ;--------------------------------------------------------
                                    938 	.area HOME    (CODE)
                                    939 	.area GSINIT  (CODE)
                                    940 	.area GSFINAL (CODE)
                                    941 	.area GSINIT  (CODE)
                                    942 	.globl __sdcc_gsinit_startup
                                    943 	.globl __sdcc_program_startup
                                    944 	.globl __start__stack
                                    945 	.globl __mcs51_genXINIT
                                    946 	.globl __mcs51_genXRAMCLEAR
                                    947 	.globl __mcs51_genRAMCLEAR
                                    948 	.area GSFINAL (CODE)
      000000 02r00r03         [24]  949 	ljmp	__sdcc_program_startup
                                    950 ;--------------------------------------------------------
                                    951 ; Home
                                    952 ;--------------------------------------------------------
                                    953 	.area HOME    (CODE)
                                    954 	.area HOME    (CODE)
      000003                        955 __sdcc_program_startup:
      000003 02r00r7B         [24]  956 	ljmp	_main
                                    957 ;	return from main will return to caller
                                    958 ;--------------------------------------------------------
                                    959 ; code
                                    960 ;--------------------------------------------------------
                                    961 	.area CSEG    (CODE)
                                    962 ;------------------------------------------------------------
                                    963 ;Allocation info for local variables in function 'SYSCLK_Init'
                                    964 ;------------------------------------------------------------
                                    965 ;i                         Allocated to registers r6 r7 
                                    966 ;------------------------------------------------------------
                           000000   967 	G$SYSCLK_Init$0$0 ==.
                           000000   968 	C$c8051_SDCC.h$62$0$0 ==.
                                    969 ;	C:/Program Files/SDCC/bin/../include/mcs51/c8051_SDCC.h:62: void SYSCLK_Init(void)
                                    970 ;	-----------------------------------------
                                    971 ;	 function SYSCLK_Init
                                    972 ;	-----------------------------------------
      000000                        973 _SYSCLK_Init:
                           000007   974 	ar7 = 0x07
                           000006   975 	ar6 = 0x06
                           000005   976 	ar5 = 0x05
                           000004   977 	ar4 = 0x04
                           000003   978 	ar3 = 0x03
                           000002   979 	ar2 = 0x02
                           000001   980 	ar1 = 0x01
                           000000   981 	ar0 = 0x00
                           000000   982 	C$c8051_SDCC.h$66$1$2 ==.
                                    983 ;	C:/Program Files/SDCC/bin/../include/mcs51/c8051_SDCC.h:66: OSCXCN = 0x67;                      // start external oscillator with
      000000 75 B1 67         [24]  984 	mov	_OSCXCN,#0x67
                           000003   985 	C$c8051_SDCC.h$69$1$2 ==.
                                    986 ;	C:/Program Files/SDCC/bin/../include/mcs51/c8051_SDCC.h:69: for (i=0; i < 256; i++);            // wait for oscillator to start
      000003 7E 00            [12]  987 	mov	r6,#0x00
      000005 7F 01            [12]  988 	mov	r7,#0x01
      000007                        989 00107$:
      000007 EE               [12]  990 	mov	a,r6
      000008 24 FF            [12]  991 	add	a,#0xff
      00000A FC               [12]  992 	mov	r4,a
      00000B EF               [12]  993 	mov	a,r7
      00000C 34 FF            [12]  994 	addc	a,#0xff
      00000E FD               [12]  995 	mov	r5,a
      00000F 8C 06            [24]  996 	mov	ar6,r4
      000011 8D 07            [24]  997 	mov	ar7,r5
      000013 EC               [12]  998 	mov	a,r4
      000014 4D               [12]  999 	orl	a,r5
      000015 70 F0            [24] 1000 	jnz	00107$
                           000017  1001 	C$c8051_SDCC.h$71$1$2 ==.
                                   1002 ;	C:/Program Files/SDCC/bin/../include/mcs51/c8051_SDCC.h:71: while (!(OSCXCN & 0x80));           // Wait for crystal osc. to settle
      000017                       1003 00102$:
      000017 E5 B1            [12] 1004 	mov	a,_OSCXCN
      000019 30 E7 FB         [24] 1005 	jnb	acc.7,00102$
                           00001C  1006 	C$c8051_SDCC.h$73$1$2 ==.
                                   1007 ;	C:/Program Files/SDCC/bin/../include/mcs51/c8051_SDCC.h:73: OSCICN = 0x88;                      // select external oscillator as SYSCLK
      00001C 75 B2 88         [24] 1008 	mov	_OSCICN,#0x88
                           00001F  1009 	C$c8051_SDCC.h$76$1$2 ==.
                           00001F  1010 	XG$SYSCLK_Init$0$0 ==.
      00001F 22               [24] 1011 	ret
                                   1012 ;------------------------------------------------------------
                                   1013 ;Allocation info for local variables in function 'UART0_Init'
                                   1014 ;------------------------------------------------------------
                           000020  1015 	G$UART0_Init$0$0 ==.
                           000020  1016 	C$c8051_SDCC.h$84$1$2 ==.
                                   1017 ;	C:/Program Files/SDCC/bin/../include/mcs51/c8051_SDCC.h:84: void UART0_Init(void)
                                   1018 ;	-----------------------------------------
                                   1019 ;	 function UART0_Init
                                   1020 ;	-----------------------------------------
      000020                       1021 _UART0_Init:
                           000020  1022 	C$c8051_SDCC.h$86$1$4 ==.
                                   1023 ;	C:/Program Files/SDCC/bin/../include/mcs51/c8051_SDCC.h:86: SCON0  = 0x50;                      // SCON0: mode 1, 8-bit UART, enable RX
      000020 75 98 50         [24] 1024 	mov	_SCON0,#0x50
                           000023  1025 	C$c8051_SDCC.h$87$1$4 ==.
                                   1026 ;	C:/Program Files/SDCC/bin/../include/mcs51/c8051_SDCC.h:87: TMOD   = 0x20;                      // TMOD: timer 1, mode 2, 8-bit reload
      000023 75 89 20         [24] 1027 	mov	_TMOD,#0x20
                           000026  1028 	C$c8051_SDCC.h$88$1$4 ==.
                                   1029 ;	C:/Program Files/SDCC/bin/../include/mcs51/c8051_SDCC.h:88: TH1    = 0xFF&-(SYSCLK/BAUDRATE/16);     // set Timer1 reload value for baudrate
      000026 75 8D DC         [24] 1030 	mov	_TH1,#0xdc
                           000029  1031 	C$c8051_SDCC.h$89$1$4 ==.
                                   1032 ;	C:/Program Files/SDCC/bin/../include/mcs51/c8051_SDCC.h:89: TR1    = 1;                         // start Timer1
      000029 D2 8E            [12] 1033 	setb	_TR1
                           00002B  1034 	C$c8051_SDCC.h$90$1$4 ==.
                                   1035 ;	C:/Program Files/SDCC/bin/../include/mcs51/c8051_SDCC.h:90: CKCON |= 0x10;                      // Timer1 uses SYSCLK as time base
      00002B 43 8E 10         [24] 1036 	orl	_CKCON,#0x10
                           00002E  1037 	C$c8051_SDCC.h$91$1$4 ==.
                                   1038 ;	C:/Program Files/SDCC/bin/../include/mcs51/c8051_SDCC.h:91: PCON  |= 0x80;                      // SMOD00 = 1 (disable baud rate 
      00002E 43 87 80         [24] 1039 	orl	_PCON,#0x80
                           000031  1040 	C$c8051_SDCC.h$93$1$4 ==.
                                   1041 ;	C:/Program Files/SDCC/bin/../include/mcs51/c8051_SDCC.h:93: TI0    = 1;                         // Indicate TX0 ready
      000031 D2 99            [12] 1042 	setb	_TI0
                           000033  1043 	C$c8051_SDCC.h$94$1$4 ==.
                                   1044 ;	C:/Program Files/SDCC/bin/../include/mcs51/c8051_SDCC.h:94: P0MDOUT |= 0x01;                    // Set TX0 to push/pull
      000033 43 A4 01         [24] 1045 	orl	_P0MDOUT,#0x01
                           000036  1046 	C$c8051_SDCC.h$95$1$4 ==.
                           000036  1047 	XG$UART0_Init$0$0 ==.
      000036 22               [24] 1048 	ret
                                   1049 ;------------------------------------------------------------
                                   1050 ;Allocation info for local variables in function 'Sys_Init'
                                   1051 ;------------------------------------------------------------
                           000037  1052 	G$Sys_Init$0$0 ==.
                           000037  1053 	C$c8051_SDCC.h$103$1$4 ==.
                                   1054 ;	C:/Program Files/SDCC/bin/../include/mcs51/c8051_SDCC.h:103: void Sys_Init(void)
                                   1055 ;	-----------------------------------------
                                   1056 ;	 function Sys_Init
                                   1057 ;	-----------------------------------------
      000037                       1058 _Sys_Init:
                           000037  1059 	C$c8051_SDCC.h$105$1$6 ==.
                                   1060 ;	C:/Program Files/SDCC/bin/../include/mcs51/c8051_SDCC.h:105: WDTCN = 0xde;			// disable watchdog timer
      000037 75 FF DE         [24] 1061 	mov	_WDTCN,#0xde
                           00003A  1062 	C$c8051_SDCC.h$106$1$6 ==.
                                   1063 ;	C:/Program Files/SDCC/bin/../include/mcs51/c8051_SDCC.h:106: WDTCN = 0xad;
      00003A 75 FF AD         [24] 1064 	mov	_WDTCN,#0xad
                           00003D  1065 	C$c8051_SDCC.h$108$1$6 ==.
                                   1066 ;	C:/Program Files/SDCC/bin/../include/mcs51/c8051_SDCC.h:108: SYSCLK_Init();			// initialize oscillator
      00003D 12r00r00         [24] 1067 	lcall	_SYSCLK_Init
                           000040  1068 	C$c8051_SDCC.h$109$1$6 ==.
                                   1069 ;	C:/Program Files/SDCC/bin/../include/mcs51/c8051_SDCC.h:109: UART0_Init();			// initialize UART0
      000040 12r00r20         [24] 1070 	lcall	_UART0_Init
                           000043  1071 	C$c8051_SDCC.h$111$1$6 ==.
                                   1072 ;	C:/Program Files/SDCC/bin/../include/mcs51/c8051_SDCC.h:111: XBR0 |= 0x04;
      000043 43 E1 04         [24] 1073 	orl	_XBR0,#0x04
                           000046  1074 	C$c8051_SDCC.h$112$1$6 ==.
                                   1075 ;	C:/Program Files/SDCC/bin/../include/mcs51/c8051_SDCC.h:112: XBR2 |= 0x40;                    	// Enable crossbar and weak pull-ups
      000046 43 E3 40         [24] 1076 	orl	_XBR2,#0x40
                           000049  1077 	C$c8051_SDCC.h$113$1$6 ==.
                           000049  1078 	XG$Sys_Init$0$0 ==.
      000049 22               [24] 1079 	ret
                                   1080 ;------------------------------------------------------------
                                   1081 ;Allocation info for local variables in function 'putchar'
                                   1082 ;------------------------------------------------------------
                                   1083 ;c                         Allocated to registers r7 
                                   1084 ;------------------------------------------------------------
                           00004A  1085 	G$putchar$0$0 ==.
                           00004A  1086 	C$c8051_SDCC.h$129$1$6 ==.
                                   1087 ;	C:/Program Files/SDCC/bin/../include/mcs51/c8051_SDCC.h:129: void putchar(char c)
                                   1088 ;	-----------------------------------------
                                   1089 ;	 function putchar
                                   1090 ;	-----------------------------------------
      00004A                       1091 _putchar:
      00004A AF 82            [24] 1092 	mov	r7,dpl
                           00004C  1093 	C$c8051_SDCC.h$132$1$8 ==.
                                   1094 ;	C:/Program Files/SDCC/bin/../include/mcs51/c8051_SDCC.h:132: while (!TI0); 
      00004C                       1095 00101$:
                           00004C  1096 	C$c8051_SDCC.h$133$1$8 ==.
                                   1097 ;	C:/Program Files/SDCC/bin/../include/mcs51/c8051_SDCC.h:133: TI0 = 0;
      00004C 10 99 02         [24] 1098 	jbc	_TI0,00112$
      00004F 80 FB            [24] 1099 	sjmp	00101$
      000051                       1100 00112$:
                           000051  1101 	C$c8051_SDCC.h$134$1$8 ==.
                                   1102 ;	C:/Program Files/SDCC/bin/../include/mcs51/c8051_SDCC.h:134: SBUF0 = c;
      000051 8F 99            [24] 1103 	mov	_SBUF0,r7
                           000053  1104 	C$c8051_SDCC.h$135$1$8 ==.
                           000053  1105 	XG$putchar$0$0 ==.
      000053 22               [24] 1106 	ret
                                   1107 ;------------------------------------------------------------
                                   1108 ;Allocation info for local variables in function 'getchar'
                                   1109 ;------------------------------------------------------------
                                   1110 ;c                         Allocated to registers r7 
                                   1111 ;------------------------------------------------------------
                           000054  1112 	G$getchar$0$0 ==.
                           000054  1113 	C$c8051_SDCC.h$154$1$8 ==.
                                   1114 ;	C:/Program Files/SDCC/bin/../include/mcs51/c8051_SDCC.h:154: char getchar(void)
                                   1115 ;	-----------------------------------------
                                   1116 ;	 function getchar
                                   1117 ;	-----------------------------------------
      000054                       1118 _getchar:
                           000054  1119 	C$c8051_SDCC.h$157$1$10 ==.
                                   1120 ;	C:/Program Files/SDCC/bin/../include/mcs51/c8051_SDCC.h:157: while (!RI0);
      000054                       1121 00101$:
                           000054  1122 	C$c8051_SDCC.h$158$1$10 ==.
                                   1123 ;	C:/Program Files/SDCC/bin/../include/mcs51/c8051_SDCC.h:158: RI0 = 0;
      000054 10 98 02         [24] 1124 	jbc	_RI0,00112$
      000057 80 FB            [24] 1125 	sjmp	00101$
      000059                       1126 00112$:
                           000059  1127 	C$c8051_SDCC.h$159$1$10 ==.
                                   1128 ;	C:/Program Files/SDCC/bin/../include/mcs51/c8051_SDCC.h:159: c = SBUF0;
      000059 AF 99            [24] 1129 	mov	r7,_SBUF0
                           00005B  1130 	C$c8051_SDCC.h$160$1$10 ==.
                                   1131 ;	C:/Program Files/SDCC/bin/../include/mcs51/c8051_SDCC.h:160: putchar(c);                          // echo to terminal
      00005B 8F 82            [24] 1132 	mov	dpl,r7
      00005D C0 07            [24] 1133 	push	ar7
      00005F 12r00r4A         [24] 1134 	lcall	_putchar
      000062 D0 07            [24] 1135 	pop	ar7
                           000064  1136 	C$c8051_SDCC.h$161$1$10 ==.
                                   1137 ;	C:/Program Files/SDCC/bin/../include/mcs51/c8051_SDCC.h:161: return c;
      000064 8F 82            [24] 1138 	mov	dpl,r7
                           000066  1139 	C$c8051_SDCC.h$162$1$10 ==.
                           000066  1140 	XG$getchar$0$0 ==.
      000066 22               [24] 1141 	ret
                                   1142 ;------------------------------------------------------------
                                   1143 ;Allocation info for local variables in function 'getchar_nw'
                                   1144 ;------------------------------------------------------------
                                   1145 ;c                         Allocated to registers 
                                   1146 ;------------------------------------------------------------
                           000067  1147 	G$getchar_nw$0$0 ==.
                           000067  1148 	C$c8051_SDCC.h$168$1$10 ==.
                                   1149 ;	C:/Program Files/SDCC/bin/../include/mcs51/c8051_SDCC.h:168: char getchar_nw(void)
                                   1150 ;	-----------------------------------------
                                   1151 ;	 function getchar_nw
                                   1152 ;	-----------------------------------------
      000067                       1153 _getchar_nw:
                           000067  1154 	C$c8051_SDCC.h$171$1$12 ==.
                                   1155 ;	C:/Program Files/SDCC/bin/../include/mcs51/c8051_SDCC.h:171: if (!RI0) return 0xFF;
      000067 20 98 05         [24] 1156 	jb	_RI0,00102$
      00006A 75 82 FF         [24] 1157 	mov	dpl,#0xff
      00006D 80 0B            [24] 1158 	sjmp	00104$
      00006F                       1159 00102$:
                           00006F  1160 	C$c8051_SDCC.h$174$2$13 ==.
                                   1161 ;	C:/Program Files/SDCC/bin/../include/mcs51/c8051_SDCC.h:174: RI0 = 0;
      00006F C2 98            [12] 1162 	clr	_RI0
                           000071  1163 	C$c8051_SDCC.h$175$2$13 ==.
                                   1164 ;	C:/Program Files/SDCC/bin/../include/mcs51/c8051_SDCC.h:175: c = SBUF0;
      000071 85 99 82         [24] 1165 	mov	dpl,_SBUF0
                           000074  1166 	C$c8051_SDCC.h$176$2$13 ==.
                                   1167 ;	C:/Program Files/SDCC/bin/../include/mcs51/c8051_SDCC.h:176: putchar(c);                          // echo to terminal
      000074 12r00r4A         [24] 1168 	lcall	_putchar
                           000077  1169 	C$c8051_SDCC.h$177$2$13 ==.
                                   1170 ;	C:/Program Files/SDCC/bin/../include/mcs51/c8051_SDCC.h:177: return SBUF0;
      000077 85 99 82         [24] 1171 	mov	dpl,_SBUF0
      00007A                       1172 00104$:
                           00007A  1173 	C$c8051_SDCC.h$179$1$12 ==.
                           00007A  1174 	XG$getchar_nw$0$0 ==.
      00007A 22               [24] 1175 	ret
                                   1176 ;------------------------------------------------------------
                                   1177 ;Allocation info for local variables in function 'main'
                                   1178 ;------------------------------------------------------------
                           00007B  1179 	G$main$0$0 ==.
                           00007B  1180 	C$hw7.c$35$1$12 ==.
                                   1181 ;	C:\Users\XuMartin\OneDrive2\OneDrive - Rensselaer Polytechnic Institute\1. LITEC\Labs\Lab 2\hw7.c:35: void main(void)
                                   1182 ;	-----------------------------------------
                                   1183 ;	 function main
                                   1184 ;	-----------------------------------------
      00007B                       1185 _main:
                           00007B  1186 	C$hw7.c$37$1$31 ==.
                                   1187 ;	C:\Users\XuMartin\OneDrive2\OneDrive - Rensselaer Polytechnic Institute\1. LITEC\Labs\Lab 2\hw7.c:37: Sys_Init();      // System Initialization
      00007B 12r00r37         [24] 1188 	lcall	_Sys_Init
                           00007E  1189 	C$hw7.c$38$1$31 ==.
                                   1190 ;	C:\Users\XuMartin\OneDrive2\OneDrive - Rensselaer Polytechnic Institute\1. LITEC\Labs\Lab 2\hw7.c:38: putchar(' ');    // the quote fonts may not copy correctly into SiLabs IDE
      00007E 75 82 20         [24] 1191 	mov	dpl,#0x20
      000081 12r00r4A         [24] 1192 	lcall	_putchar
                           000084  1193 	C$hw7.c$39$1$31 ==.
                                   1194 ;	C:\Users\XuMartin\OneDrive2\OneDrive - Rensselaer Polytechnic Institute\1. LITEC\Labs\Lab 2\hw7.c:39: Port_Init(); 
      000084 12r01r78         [24] 1195 	lcall	_Port_Init
                           000087  1196 	C$hw7.c$40$1$31 ==.
                                   1197 ;	C:\Users\XuMartin\OneDrive2\OneDrive - Rensselaer Polytechnic Institute\1. LITEC\Labs\Lab 2\hw7.c:40: ADC_Init();
      000087 12r01r5C         [24] 1198 	lcall	_ADC_Init
                           00008A  1199 	C$hw7.c$41$1$31 ==.
                                   1200 ;	C:\Users\XuMartin\OneDrive2\OneDrive - Rensselaer Polytechnic Institute\1. LITEC\Labs\Lab 2\hw7.c:41: printf("Start \r\n");
      00008A 74r00            [12] 1201 	mov	a,#___str_0
      00008C C0 E0            [24] 1202 	push	acc
      00008E 74s00            [12] 1203 	mov	a,#(___str_0 >> 8)
      000090 C0 E0            [24] 1204 	push	acc
      000092 74 80            [12] 1205 	mov	a,#0x80
      000094 C0 E0            [24] 1206 	push	acc
      000096 12r00r00         [24] 1207 	lcall	_printf
      000099 15 81            [12] 1208 	dec	sp
      00009B 15 81            [12] 1209 	dec	sp
      00009D 15 81            [12] 1210 	dec	sp
                           00009F  1211 	C$hw7.c$42$1$31 ==.
                                   1212 ;	C:\Users\XuMartin\OneDrive2\OneDrive - Rensselaer Polytechnic Institute\1. LITEC\Labs\Lab 2\hw7.c:42: while (1) 
      00009F                       1213 00102$:
                           00009F  1214 	C$hw7.c$44$2$32 ==.
                                   1215 ;	C:\Users\XuMartin\OneDrive2\OneDrive - Rensselaer Polytechnic Institute\1. LITEC\Labs\Lab 2\hw7.c:44: printf("enter key to read A/D input \r\n");
      00009F 74r09            [12] 1216 	mov	a,#___str_1
      0000A1 C0 E0            [24] 1217 	push	acc
      0000A3 74s00            [12] 1218 	mov	a,#(___str_1 >> 8)
      0000A5 C0 E0            [24] 1219 	push	acc
      0000A7 74 80            [12] 1220 	mov	a,#0x80
      0000A9 C0 E0            [24] 1221 	push	acc
      0000AB 12r00r00         [24] 1222 	lcall	_printf
      0000AE 15 81            [12] 1223 	dec	sp
      0000B0 15 81            [12] 1224 	dec	sp
      0000B2 15 81            [12] 1225 	dec	sp
                           0000B4  1226 	C$hw7.c$45$2$32 ==.
                                   1227 ;	C:\Users\XuMartin\OneDrive2\OneDrive - Rensselaer Polytechnic Institute\1. LITEC\Labs\Lab 2\hw7.c:45: input = getchar();
      0000B4 12r00r54         [24] 1228 	lcall	_getchar
      0000B7 85 82*01         [24] 1229 	mov	_input,dpl
                           0000BA  1230 	C$hw7.c$50$2$32 ==.
                                   1231 ;	C:\Users\XuMartin\OneDrive2\OneDrive - Rensselaer Polytechnic Institute\1. LITEC\Labs\Lab 2\hw7.c:50: AD_value = read_AD_input (7);			//calls conversion function
      0000BA 75 82 07         [24] 1232 	mov	dpl,#0x07
      0000BD 12r01r66         [24] 1233 	lcall	_read_AD_input
                           0000C0  1234 	C$hw7.c$51$1$31 ==.
                                   1235 ;	C:\Users\XuMartin\OneDrive2\OneDrive - Rensselaer Polytechnic Institute\1. LITEC\Labs\Lab 2\hw7.c:51: input = ((AD_value / 255.)*2400.);		//computes related voltage
      0000C0 85 82*00         [24] 1236 	mov  _AD_value,dpl
      0000C3 12r00r00         [24] 1237 	lcall	___uchar2fs
      0000C6 AC 82            [24] 1238 	mov	r4,dpl
      0000C8 AD 83            [24] 1239 	mov	r5,dph
      0000CA AE F0            [24] 1240 	mov	r6,b
      0000CC FF               [12] 1241 	mov	r7,a
      0000CD E4               [12] 1242 	clr	a
      0000CE C0 E0            [24] 1243 	push	acc
      0000D0 C0 E0            [24] 1244 	push	acc
      0000D2 74 7F            [12] 1245 	mov	a,#0x7f
      0000D4 C0 E0            [24] 1246 	push	acc
      0000D6 74 43            [12] 1247 	mov	a,#0x43
      0000D8 C0 E0            [24] 1248 	push	acc
      0000DA 8C 82            [24] 1249 	mov	dpl,r4
      0000DC 8D 83            [24] 1250 	mov	dph,r5
      0000DE 8E F0            [24] 1251 	mov	b,r6
      0000E0 EF               [12] 1252 	mov	a,r7
      0000E1 12r00r00         [24] 1253 	lcall	___fsdiv
      0000E4 AC 82            [24] 1254 	mov	r4,dpl
      0000E6 AD 83            [24] 1255 	mov	r5,dph
      0000E8 AE F0            [24] 1256 	mov	r6,b
      0000EA FF               [12] 1257 	mov	r7,a
      0000EB E5 81            [12] 1258 	mov	a,sp
      0000ED 24 FC            [12] 1259 	add	a,#0xfc
      0000EF F5 81            [12] 1260 	mov	sp,a
      0000F1 C0 04            [24] 1261 	push	ar4
      0000F3 C0 05            [24] 1262 	push	ar5
      0000F5 C0 06            [24] 1263 	push	ar6
      0000F7 C0 07            [24] 1264 	push	ar7
      0000F9 90 00 00         [24] 1265 	mov	dptr,#0x0000
      0000FC 75 F0 16         [24] 1266 	mov	b,#0x16
      0000FF 74 45            [12] 1267 	mov	a,#0x45
      000101 12r00r00         [24] 1268 	lcall	___fsmul
      000104 AC 82            [24] 1269 	mov	r4,dpl
      000106 AD 83            [24] 1270 	mov	r5,dph
      000108 AE F0            [24] 1271 	mov	r6,b
      00010A FF               [12] 1272 	mov	r7,a
      00010B E5 81            [12] 1273 	mov	a,sp
      00010D 24 FC            [12] 1274 	add	a,#0xfc
      00010F F5 81            [12] 1275 	mov	sp,a
      000111 8C 82            [24] 1276 	mov	dpl,r4
      000113 8D 83            [24] 1277 	mov	dph,r5
      000115 8E F0            [24] 1278 	mov	b,r6
      000117 EF               [12] 1279 	mov	a,r7
      000118 12r00r00         [24] 1280 	lcall	___fs2uchar
      00011B 85 82*01         [24] 1281 	mov	_input,dpl
                           00011E  1282 	C$hw7.c$53$2$32 ==.
                                   1283 ;	C:\Users\XuMartin\OneDrive2\OneDrive - Rensselaer Polytechnic Institute\1. LITEC\Labs\Lab 2\hw7.c:53: printf("A/D value: %d. \r\n", AD_value);	// print statement as required by homework
      00011E AE*00            [24] 1284 	mov	r6,_AD_value
      000120 7F 00            [12] 1285 	mov	r7,#0x00
      000122 C0 06            [24] 1286 	push	ar6
      000124 C0 07            [24] 1287 	push	ar7
      000126 74r28            [12] 1288 	mov	a,#___str_2
      000128 C0 E0            [24] 1289 	push	acc
      00012A 74s00            [12] 1290 	mov	a,#(___str_2 >> 8)
      00012C C0 E0            [24] 1291 	push	acc
      00012E 74 80            [12] 1292 	mov	a,#0x80
      000130 C0 E0            [24] 1293 	push	acc
      000132 12r00r00         [24] 1294 	lcall	_printf
      000135 E5 81            [12] 1295 	mov	a,sp
      000137 24 FB            [12] 1296 	add	a,#0xfb
      000139 F5 81            [12] 1297 	mov	sp,a
                           00013B  1298 	C$hw7.c$54$2$32 ==.
                                   1299 ;	C:\Users\XuMartin\OneDrive2\OneDrive - Rensselaer Polytechnic Institute\1. LITEC\Labs\Lab 2\hw7.c:54: printf("Input voltage: %d mV. \r\n", input);	// print statement as required by homework
      00013B AE*01            [24] 1300 	mov	r6,_input
      00013D 7F 00            [12] 1301 	mov	r7,#0x00
      00013F C0 06            [24] 1302 	push	ar6
      000141 C0 07            [24] 1303 	push	ar7
      000143 74r3A            [12] 1304 	mov	a,#___str_3
      000145 C0 E0            [24] 1305 	push	acc
      000147 74s00            [12] 1306 	mov	a,#(___str_3 >> 8)
      000149 C0 E0            [24] 1307 	push	acc
      00014B 74 80            [12] 1308 	mov	a,#0x80
      00014D C0 E0            [24] 1309 	push	acc
      00014F 12r00r00         [24] 1310 	lcall	_printf
      000152 E5 81            [12] 1311 	mov	a,sp
      000154 24 FB            [12] 1312 	add	a,#0xfb
      000156 F5 81            [12] 1313 	mov	sp,a
      000158 02r00r9F         [24] 1314 	ljmp	00102$
                           00015B  1315 	C$hw7.c$57$1$31 ==.
                           00015B  1316 	XG$main$0$0 ==.
      00015B 22               [24] 1317 	ret
                                   1318 ;------------------------------------------------------------
                                   1319 ;Allocation info for local variables in function 'ADC_Init'
                                   1320 ;------------------------------------------------------------
                           00015C  1321 	G$ADC_Init$0$0 ==.
                           00015C  1322 	C$hw7.c$63$1$31 ==.
                                   1323 ;	C:\Users\XuMartin\OneDrive2\OneDrive - Rensselaer Polytechnic Institute\1. LITEC\Labs\Lab 2\hw7.c:63: void ADC_Init(void)
                                   1324 ;	-----------------------------------------
                                   1325 ;	 function ADC_Init
                                   1326 ;	-----------------------------------------
      00015C                       1327 _ADC_Init:
                           00015C  1328 	C$hw7.c$65$1$34 ==.
                                   1329 ;	C:\Users\XuMartin\OneDrive2\OneDrive - Rensselaer Polytechnic Institute\1. LITEC\Labs\Lab 2\hw7.c:65: REF0CN = 0x03;		//set VREF to internal pin
      00015C 75 D1 03         [24] 1330 	mov	_REF0CN,#0x03
                           00015F  1331 	C$hw7.c$66$1$34 ==.
                                   1332 ;	C:\Users\XuMartin\OneDrive2\OneDrive - Rensselaer Polytechnic Institute\1. LITEC\Labs\Lab 2\hw7.c:66: ADC1CN = 0x80;		//set ADC1 to active
      00015F 75 AA 80         [24] 1333 	mov	_ADC1CN,#0x80
                           000162  1334 	C$hw7.c$67$1$34 ==.
                                   1335 ;	C:\Users\XuMartin\OneDrive2\OneDrive - Rensselaer Polytechnic Institute\1. LITEC\Labs\Lab 2\hw7.c:67: ADC1CF |= 0x02;		//set gain to 2
      000162 43 AB 02         [24] 1336 	orl	_ADC1CF,#0x02
                           000165  1337 	C$hw7.c$69$1$34 ==.
                           000165  1338 	XG$ADC_Init$0$0 ==.
      000165 22               [24] 1339 	ret
                                   1340 ;------------------------------------------------------------
                                   1341 ;Allocation info for local variables in function 'read_AD_input'
                                   1342 ;------------------------------------------------------------
                                   1343 ;pin_number                Allocated to registers 
                                   1344 ;------------------------------------------------------------
                           000166  1345 	G$read_AD_input$0$0 ==.
                           000166  1346 	C$hw7.c$73$1$34 ==.
                                   1347 ;	C:\Users\XuMartin\OneDrive2\OneDrive - Rensselaer Polytechnic Institute\1. LITEC\Labs\Lab 2\hw7.c:73: unsigned char read_AD_input(unsigned char pin_number)
                                   1348 ;	-----------------------------------------
                                   1349 ;	 function read_AD_input
                                   1350 ;	-----------------------------------------
      000166                       1351 _read_AD_input:
      000166 85 82 AC         [24] 1352 	mov	_AMX1SL,dpl
                           000169  1353 	C$hw7.c$76$1$36 ==.
                                   1354 ;	C:\Users\XuMartin\OneDrive2\OneDrive - Rensselaer Polytechnic Institute\1. LITEC\Labs\Lab 2\hw7.c:76: ADC1CN &= ~0x20;					//clears conversion flag
      000169 53 AA DF         [24] 1355 	anl	_ADC1CN,#0xdf
                           00016C  1356 	C$hw7.c$77$1$36 ==.
                                   1357 ;	C:\Users\XuMartin\OneDrive2\OneDrive - Rensselaer Polytechnic Institute\1. LITEC\Labs\Lab 2\hw7.c:77: ADC1CN |= 0x10;						//checks if conversion is in progress or not
      00016C 43 AA 10         [24] 1358 	orl	_ADC1CN,#0x10
                           00016F  1359 	C$hw7.c$78$1$36 ==.
                                   1360 ;	C:\Users\XuMartin\OneDrive2\OneDrive - Rensselaer Polytechnic Institute\1. LITEC\Labs\Lab 2\hw7.c:78: while ((ADC1CN & 0x20) == 0x00);	//waits until control register says conversion is complete
      00016F                       1361 00101$:
      00016F E5 AA            [12] 1362 	mov	a,_ADC1CN
      000171 30 E5 FB         [24] 1363 	jnb	acc.5,00101$
                           000174  1364 	C$hw7.c$79$1$36 ==.
                                   1365 ;	C:\Users\XuMartin\OneDrive2\OneDrive - Rensselaer Polytechnic Institute\1. LITEC\Labs\Lab 2\hw7.c:79: return ADC1;						//output conversion value
      000174 85 9C 82         [24] 1366 	mov	dpl,_ADC1
                           000177  1367 	C$hw7.c$80$1$36 ==.
                           000177  1368 	XG$read_AD_input$0$0 ==.
      000177 22               [24] 1369 	ret
                                   1370 ;------------------------------------------------------------
                                   1371 ;Allocation info for local variables in function 'Port_Init'
                                   1372 ;------------------------------------------------------------
                           000178  1373 	G$Port_Init$0$0 ==.
                           000178  1374 	C$hw7.c$85$1$36 ==.
                                   1375 ;	C:\Users\XuMartin\OneDrive2\OneDrive - Rensselaer Polytechnic Institute\1. LITEC\Labs\Lab 2\hw7.c:85: void Port_Init(void)
                                   1376 ;	-----------------------------------------
                                   1377 ;	 function Port_Init
                                   1378 ;	-----------------------------------------
      000178                       1379 _Port_Init:
                           000178  1380 	C$hw7.c$87$1$38 ==.
                                   1381 ;	C:\Users\XuMartin\OneDrive2\OneDrive - Rensselaer Polytechnic Institute\1. LITEC\Labs\Lab 2\hw7.c:87: P1MDIN &= 0xBF;		//set input pin to open drain
      000178 53 BD BF         [24] 1382 	anl	_P1MDIN,#0xbf
                           00017B  1383 	C$hw7.c$88$1$38 ==.
                                   1384 ;	C:\Users\XuMartin\OneDrive2\OneDrive - Rensselaer Polytechnic Institute\1. LITEC\Labs\Lab 2\hw7.c:88: P1 |= ~0xBF;		//set input pin to high impedance
      00017B 43 90 40         [24] 1385 	orl	_P1,#0x40
                           00017E  1386 	C$hw7.c$89$1$38 ==.
                           00017E  1387 	XG$Port_Init$0$0 ==.
      00017E 22               [24] 1388 	ret
                                   1389 	.area CSEG    (CODE)
                                   1390 	.area CONST   (CODE)
                           000000  1391 Fhw7$__str_0$0$0 == .
      000000                       1392 ___str_0:
      000000 53 74 61 72 74 20     1393 	.ascii "Start "
      000006 0D                    1394 	.db 0x0d
      000007 0A                    1395 	.db 0x0a
      000008 00                    1396 	.db 0x00
                           000009  1397 Fhw7$__str_1$0$0 == .
      000009                       1398 ___str_1:
      000009 65 6E 74 65 72 20 6B  1399 	.ascii "enter key to read A/D input "
             65 79 20 74 6F 20 72
             65 61 64 20 41 2F 44
             20 69 6E 70 75 74 20
      000025 0D                    1400 	.db 0x0d
      000026 0A                    1401 	.db 0x0a
      000027 00                    1402 	.db 0x00
                           000028  1403 Fhw7$__str_2$0$0 == .
      000028                       1404 ___str_2:
      000028 41 2F 44 20 76 61 6C  1405 	.ascii "A/D value: %d. "
             75 65 3A 20 25 64 2E
             20
      000037 0D                    1406 	.db 0x0d
      000038 0A                    1407 	.db 0x0a
      000039 00                    1408 	.db 0x00
                           00003A  1409 Fhw7$__str_3$0$0 == .
      00003A                       1410 ___str_3:
      00003A 49 6E 70 75 74 20 76  1411 	.ascii "Input voltage: %d mV. "
             6F 6C 74 61 67 65 3A
             20 25 64 20 6D 56 2E
             20
      000050 0D                    1412 	.db 0x0d
      000051 0A                    1413 	.db 0x0a
      000052 00                    1414 	.db 0x00
                                   1415 	.area XINIT   (CODE)
                                   1416 	.area CABS    (ABS,CODE)
